<!DOCTYPE html PUBLIC "-//W3C//DTD XHTML 1.1//EN" "http://www.w3.org/TR/xhtml11/DTD/xhtml11.dtd">
<html xmlns="http://www.w3.org/1999/xhtml">
<head>
<meta http-equiv="content-type" content="text/html; charset=UTF-8"/>
<title>TestNG Report</title>
<style type="text/css">table {margin-bottom:10px;border-collapse:collapse;empty-cells:show}th,td {border:1px solid #009;padding:.25em .5em}th {vertical-align:bottom}td {vertical-align:top}table a {font-weight:bold}.stripe td {background-color: #E6EBF9}.num {text-align:right}.passedodd td {background-color: #3F3}.passedeven td {background-color: #0A0}.skippedodd td {background-color: #DDD}.skippedeven td {background-color: #CCC}.failedodd td,.attn {background-color: #F33}.failedeven td,.stripe .attn {background-color: #D00}.stacktrace {white-space:pre;font-family:monospace}.totop {font-size:85%;text-align:center;border-bottom:2px solid #000}.invisible {display:none}</style>
</head>
<body>
<table>
<tr><th>Test</th><th># Passed</th><th># Skipped</th><th># Retried</th><th># Failed</th><th>Time (ms)</th><th>Included Groups</th><th>Excluded Groups</th></tr>
<tr><th colspan="7">Suite</th></tr>
<tr><td><a href="#t0">Test</a></td><td class="num">0</td><td class="num attn">6</td><td class="num">0</td><td class="num">0</td><td class="num">781</td><td></td><td></td></tr>
</table>
<table id='summary'><thead><tr><th>Class</th><th>Method</th><th>Start</th><th>Time (ms)</th></tr></thead><tbody><tr><th colspan="4">Suite</th></tr></tbody><tbody id="t0"><tr><th colspan="4">Test &#8212; failed (configuration methods)</th></tr><tr class="failedeven"><td rowspan="1">com.testCases.Test123</td><td><a href="#m0">OpenBrowser</a></td><td rowspan="1">1631781173640</td><td rowspan="1">3091</td></tr><tr><th colspan="4">Test &#8212; skipped (configuration methods)</th></tr><tr class="skippedeven"><td rowspan="2">com.testCases.Test123</td><td><a href="#m1">CloseBrowser</a></td><td rowspan="1">1631781177578</td><td rowspan="1">-1631781177578</td></tr><tr class="skippedeven"><td><a href="#m2">bmethod</a></td><td rowspan="1">1631781176794</td><td rowspan="1">-1631781176794</td></tr><tr class="skippedodd"><td rowspan="1">com.testCases.Test456</td><td><a href="#m3">bmethod</a></td><td rowspan="1">1631781177466</td><td rowspan="1">-1631781177466</td></tr><tr><th colspan="4">Test &#8212; skipped</th></tr><tr class="skippedeven"><td rowspan="3">com.testCases.Test123</td><td><a href="#m4">testCase123</a></td><td rowspan="3">1631781177457</td><td rowspan="3">0</td></tr><tr class="skippedeven"><td><a href="#m5">testCase123</a></td></tr><tr class="skippedeven"><td><a href="#m6">testCase123</a></td></tr><tr class="skippedodd"><td rowspan="3">com.testCases.Test456</td><td><a href="#m7">testCase456</a></td><td rowspan="3">1631781177495</td><td rowspan="3">0</td></tr><tr class="skippedodd"><td><a href="#m8">testCase456</a></td></tr><tr class="skippedodd"><td><a href="#m9">testCase456</a></td></tr></tbody>
</table>
<h2>Test</h2><h3 id="m0">com.testCases.Test123#OpenBrowser</h3><table class="result"><tr><th>Exception</th></tr><tr><td><div class="stacktrace">org.openqa.selenium.SessionNotCreatedException: session not created: This version of ChromeDriver only supports Chrome version 83
Build info: version: &apos;3.141.59&apos;, revision: &apos;e82be7d358&apos;, time: &apos;2018-11-14T08:25:48&apos;
System info: host: &apos;shubhagg-mac&apos;, ip: &apos;2401:4900:1c18:7c04:fdd4:9757:f00f:2579%en0&apos;, os.name: &apos;Mac OS X&apos;, os.arch: &apos;x86_64&apos;, os.version: &apos;10.15.7&apos;, java.version: &apos;1.8.0_231&apos;
Driver info: driver.version: ChromeDriver
remote stacktrace: 0   chromedriver                        0x0000000103fcbe99 chromedriver + 4808345
1   chromedriver                        0x0000000103f665f3 chromedriver + 4392435
2   chromedriver                        0x0000000103bf229d chromedriver + 770717
3   chromedriver                        0x0000000103b4f689 chromedriver + 104073
4   chromedriver                        0x0000000103b4b940 chromedriver + 88384
5   chromedriver                        0x0000000103b48c99 chromedriver + 76953
6   chromedriver                        0x0000000103b7afa3 chromedriver + 282531
7   chromedriver                        0x0000000103b77da3 chromedriver + 269731
8   chromedriver                        0x0000000103b518dd chromedriver + 112861
9   chromedriver                        0x0000000103b52875 chromedriver + 116853
10  chromedriver                        0x0000000103f8e47f chromedriver + 4555903
11  chromedriver                        0x0000000103f9b77a chromedriver + 4609914
12  chromedriver                        0x0000000103f9b509 chromedriver + 4609289
13  chromedriver                        0x0000000103f72319 chromedriver + 4440857
14  chromedriver                        0x0000000103f9bd03 chromedriver + 4611331
15  chromedriver                        0x0000000103f84083 chromedriver + 4513923
16  chromedriver                        0x0000000103fb2454 chromedriver + 4703316
17  chromedriver                        0x0000000103fd1f57 chromedriver + 4833111
18  libsystem_pthread.dylib             0x00007fff6fa70109 _pthread_start + 148
19  libsystem_pthread.dylib             0x00007fff6fa6bb8b thread_start + 15

	at org.openqa.selenium.remote.W3CHandshakeResponse.lambda$errorHandler$0(W3CHandshakeResponse.java:62)
	at org.openqa.selenium.remote.HandshakeResponse.lambda$getResponseFunction$0(HandshakeResponse.java:30)
	at org.openqa.selenium.remote.ProtocolHandshake.lambda$createSession$0(ProtocolHandshake.java:126)
	at java.util.stream.ReferencePipeline$3$1.accept(ReferencePipeline.java:193)
	at java.util.Spliterators$ArraySpliterator.tryAdvance(Spliterators.java:958)
	at java.util.stream.ReferencePipeline.forEachWithCancel(ReferencePipeline.java:126)
	at java.util.stream.AbstractPipeline.copyIntoWithCancel(AbstractPipeline.java:499)
	at java.util.stream.AbstractPipeline.copyInto(AbstractPipeline.java:486)
	at java.util.stream.AbstractPipeline.wrapAndCopyInto(AbstractPipeline.java:472)
	at java.util.stream.FindOps$FindOp.evaluateSequential(FindOps.java:152)
	at java.util.stream.AbstractPipeline.evaluate(AbstractPipeline.java:234)
	at java.util.stream.ReferencePipeline.findFirst(ReferencePipeline.java:464)
	at org.openqa.selenium.remote.ProtocolHandshake.createSession(ProtocolHandshake.java:128)
	at org.openqa.selenium.remote.ProtocolHandshake.createSession(ProtocolHandshake.java:74)
	at org.openqa.selenium.remote.HttpCommandExecutor.execute(HttpCommandExecutor.java:136)
	at org.openqa.selenium.remote.service.DriverCommandExecutor.execute(DriverCommandExecutor.java:83)
	at org.openqa.selenium.remote.RemoteWebDriver.execute(RemoteWebDriver.java:552)
	at org.openqa.selenium.remote.RemoteWebDriver.startSession(RemoteWebDriver.java:213)
	at org.openqa.selenium.remote.RemoteWebDriver.&lt;init&gt;(RemoteWebDriver.java:131)
	at org.openqa.selenium.chrome.ChromeDriver.&lt;init&gt;(ChromeDriver.java:181)
	at org.openqa.selenium.chrome.ChromeDriver.&lt;init&gt;(ChromeDriver.java:168)
	at org.openqa.selenium.chrome.ChromeDriver.&lt;init&gt;(ChromeDriver.java:123)
	at com.testBase.TestBase.OpenBrowser(TestBase.java:56)
... Removed 23 stack frames</div></td></tr></table><p class="totop"><a href="#summary">back to summary</a></p>
<h3 id="m1">com.testCases.Test123#CloseBrowser</h3><table class="result"><tr><th class="invisible"/></tr></table><p class="totop"><a href="#summary">back to summary</a></p>
<h3 id="m2">com.testCases.Test123#bmethod</h3><table class="result"><tr><th class="invisible"/></tr></table><p class="totop"><a href="#summary">back to summary</a></p>
<h3 id="m3">com.testCases.Test456#bmethod</h3><table class="result"><tr><th class="invisible"/></tr></table><p class="totop"><a href="#summary">back to summary</a></p>
<h3 id="m4">com.testCases.Test123#testCase123</h3><table class="result"><tr><th>Exception</th></tr><tr><td><div class="stacktrace">org.openqa.selenium.SessionNotCreatedException: session not created: This version of ChromeDriver only supports Chrome version 83
Build info: version: &apos;3.141.59&apos;, revision: &apos;e82be7d358&apos;, time: &apos;2018-11-14T08:25:48&apos;
System info: host: &apos;shubhagg-mac&apos;, ip: &apos;2401:4900:1c18:7c04:fdd4:9757:f00f:2579%en0&apos;, os.name: &apos;Mac OS X&apos;, os.arch: &apos;x86_64&apos;, os.version: &apos;10.15.7&apos;, java.version: &apos;1.8.0_231&apos;
Driver info: driver.version: ChromeDriver
remote stacktrace: 0   chromedriver                        0x0000000103fcbe99 chromedriver + 4808345
1   chromedriver                        0x0000000103f665f3 chromedriver + 4392435
2   chromedriver                        0x0000000103bf229d chromedriver + 770717
3   chromedriver                        0x0000000103b4f689 chromedriver + 104073
4   chromedriver                        0x0000000103b4b940 chromedriver + 88384
5   chromedriver                        0x0000000103b48c99 chromedriver + 76953
6   chromedriver                        0x0000000103b7afa3 chromedriver + 282531
7   chromedriver                        0x0000000103b77da3 chromedriver + 269731
8   chromedriver                        0x0000000103b518dd chromedriver + 112861
9   chromedriver                        0x0000000103b52875 chromedriver + 116853
10  chromedriver                        0x0000000103f8e47f chromedriver + 4555903
11  chromedriver                        0x0000000103f9b77a chromedriver + 4609914
12  chromedriver                        0x0000000103f9b509 chromedriver + 4609289
13  chromedriver                        0x0000000103f72319 chromedriver + 4440857
14  chromedriver                        0x0000000103f9bd03 chromedriver + 4611331
15  chromedriver                        0x0000000103f84083 chromedriver + 4513923
16  chromedriver                        0x0000000103fb2454 chromedriver + 4703316
17  chromedriver                        0x0000000103fd1f57 chromedriver + 4833111
18  libsystem_pthread.dylib             0x00007fff6fa70109 _pthread_start + 148
19  libsystem_pthread.dylib             0x00007fff6fa6bb8b thread_start + 15

	at org.openqa.selenium.remote.W3CHandshakeResponse.lambda$errorHandler$0(W3CHandshakeResponse.java:62)
	at org.openqa.selenium.remote.HandshakeResponse.lambda$getResponseFunction$0(HandshakeResponse.java:30)
	at org.openqa.selenium.remote.ProtocolHandshake.lambda$createSession$0(ProtocolHandshake.java:126)
	at java.util.stream.ReferencePipeline$3$1.accept(ReferencePipeline.java:193)
	at java.util.Spliterators$ArraySpliterator.tryAdvance(Spliterators.java:958)
	at java.util.stream.ReferencePipeline.forEachWithCancel(ReferencePipeline.java:126)
	at java.util.stream.AbstractPipeline.copyIntoWithCancel(AbstractPipeline.java:499)
	at java.util.stream.AbstractPipeline.copyInto(AbstractPipeline.java:486)
	at java.util.stream.AbstractPipeline.wrapAndCopyInto(AbstractPipeline.java:472)
	at java.util.stream.FindOps$FindOp.evaluateSequential(FindOps.java:152)
	at java.util.stream.AbstractPipeline.evaluate(AbstractPipeline.java:234)
	at java.util.stream.ReferencePipeline.findFirst(ReferencePipeline.java:464)
	at org.openqa.selenium.remote.ProtocolHandshake.createSession(ProtocolHandshake.java:128)
	at org.openqa.selenium.remote.ProtocolHandshake.createSession(ProtocolHandshake.java:74)
	at org.openqa.selenium.remote.HttpCommandExecutor.execute(HttpCommandExecutor.java:136)
	at org.openqa.selenium.remote.service.DriverCommandExecutor.execute(DriverCommandExecutor.java:83)
	at org.openqa.selenium.remote.RemoteWebDriver.execute(RemoteWebDriver.java:552)
	at org.openqa.selenium.remote.RemoteWebDriver.startSession(RemoteWebDriver.java:213)
	at org.openqa.selenium.remote.RemoteWebDriver.&lt;init&gt;(RemoteWebDriver.java:131)
	at org.openqa.selenium.chrome.ChromeDriver.&lt;init&gt;(ChromeDriver.java:181)
	at org.openqa.selenium.chrome.ChromeDriver.&lt;init&gt;(ChromeDriver.java:168)
	at org.openqa.selenium.chrome.ChromeDriver.&lt;init&gt;(ChromeDriver.java:123)
	at com.testBase.TestBase.OpenBrowser(TestBase.java:56)
... Removed 23 stack frames</div></td></tr></table><p class="totop"><a href="#summary">back to summary</a></p>
<h3 id="m5">com.testCases.Test123#testCase123</h3><table class="result"><tr><th>Exception</th></tr><tr><td><div class="stacktrace">org.openqa.selenium.SessionNotCreatedException: session not created: This version of ChromeDriver only supports Chrome version 83
Build info: version: &apos;3.141.59&apos;, revision: &apos;e82be7d358&apos;, time: &apos;2018-11-14T08:25:48&apos;
System info: host: &apos;shubhagg-mac&apos;, ip: &apos;2401:4900:1c18:7c04:fdd4:9757:f00f:2579%en0&apos;, os.name: &apos;Mac OS X&apos;, os.arch: &apos;x86_64&apos;, os.version: &apos;10.15.7&apos;, java.version: &apos;1.8.0_231&apos;
Driver info: driver.version: ChromeDriver
remote stacktrace: 0   chromedriver                        0x0000000103fcbe99 chromedriver + 4808345
1   chromedriver                        0x0000000103f665f3 chromedriver + 4392435
2   chromedriver                        0x0000000103bf229d chromedriver + 770717
3   chromedriver                        0x0000000103b4f689 chromedriver + 104073
4   chromedriver                        0x0000000103b4b940 chromedriver + 88384
5   chromedriver                        0x0000000103b48c99 chromedriver + 76953
6   chromedriver                        0x0000000103b7afa3 chromedriver + 282531
7   chromedriver                        0x0000000103b77da3 chromedriver + 269731
8   chromedriver                        0x0000000103b518dd chromedriver + 112861
9   chromedriver                        0x0000000103b52875 chromedriver + 116853
10  chromedriver                        0x0000000103f8e47f chromedriver + 4555903
11  chromedriver                        0x0000000103f9b77a chromedriver + 4609914
12  chromedriver                        0x0000000103f9b509 chromedriver + 4609289
13  chromedriver                        0x0000000103f72319 chromedriver + 4440857
14  chromedriver                        0x0000000103f9bd03 chromedriver + 4611331
15  chromedriver                        0x0000000103f84083 chromedriver + 4513923
16  chromedriver                        0x0000000103fb2454 chromedriver + 4703316
17  chromedriver                        0x0000000103fd1f57 chromedriver + 4833111
18  libsystem_pthread.dylib             0x00007fff6fa70109 _pthread_start + 148
19  libsystem_pthread.dylib             0x00007fff6fa6bb8b thread_start + 15

	at org.openqa.selenium.remote.W3CHandshakeResponse.lambda$errorHandler$0(W3CHandshakeResponse.java:62)
	at org.openqa.selenium.remote.HandshakeResponse.lambda$getResponseFunction$0(HandshakeResponse.java:30)
	at org.openqa.selenium.remote.ProtocolHandshake.lambda$createSession$0(ProtocolHandshake.java:126)
	at java.util.stream.ReferencePipeline$3$1.accept(ReferencePipeline.java:193)
	at java.util.Spliterators$ArraySpliterator.tryAdvance(Spliterators.java:958)
	at java.util.stream.ReferencePipeline.forEachWithCancel(ReferencePipeline.java:126)
	at java.util.stream.AbstractPipeline.copyIntoWithCancel(AbstractPipeline.java:499)
	at java.util.stream.AbstractPipeline.copyInto(AbstractPipeline.java:486)
	at java.util.stream.AbstractPipeline.wrapAndCopyInto(AbstractPipeline.java:472)
	at java.util.stream.FindOps$FindOp.evaluateSequential(FindOps.java:152)
	at java.util.stream.AbstractPipeline.evaluate(AbstractPipeline.java:234)
	at java.util.stream.ReferencePipeline.findFirst(ReferencePipeline.java:464)
	at org.openqa.selenium.remote.ProtocolHandshake.createSession(ProtocolHandshake.java:128)
	at org.openqa.selenium.remote.ProtocolHandshake.createSession(ProtocolHandshake.java:74)
	at org.openqa.selenium.remote.HttpCommandExecutor.execute(HttpCommandExecutor.java:136)
	at org.openqa.selenium.remote.service.DriverCommandExecutor.execute(DriverCommandExecutor.java:83)
	at org.openqa.selenium.remote.RemoteWebDriver.execute(RemoteWebDriver.java:552)
	at org.openqa.selenium.remote.RemoteWebDriver.startSession(RemoteWebDriver.java:213)
	at org.openqa.selenium.remote.RemoteWebDriver.&lt;init&gt;(RemoteWebDriver.java:131)
	at org.openqa.selenium.chrome.ChromeDriver.&lt;init&gt;(ChromeDriver.java:181)
	at org.openqa.selenium.chrome.ChromeDriver.&lt;init&gt;(ChromeDriver.java:168)
	at org.openqa.selenium.chrome.ChromeDriver.&lt;init&gt;(ChromeDriver.java:123)
	at com.testBase.TestBase.OpenBrowser(TestBase.java:56)
... Removed 23 stack frames</div></td></tr></table><p class="totop"><a href="#summary">back to summary</a></p>
<h3 id="m6">com.testCases.Test123#testCase123</h3><table class="result"><tr><th>Exception</th></tr><tr><td><div class="stacktrace">org.openqa.selenium.SessionNotCreatedException: session not created: This version of ChromeDriver only supports Chrome version 83
Build info: version: &apos;3.141.59&apos;, revision: &apos;e82be7d358&apos;, time: &apos;2018-11-14T08:25:48&apos;
System info: host: &apos;shubhagg-mac&apos;, ip: &apos;2401:4900:1c18:7c04:fdd4:9757:f00f:2579%en0&apos;, os.name: &apos;Mac OS X&apos;, os.arch: &apos;x86_64&apos;, os.version: &apos;10.15.7&apos;, java.version: &apos;1.8.0_231&apos;
Driver info: driver.version: ChromeDriver
remote stacktrace: 0   chromedriver                        0x0000000103fcbe99 chromedriver + 4808345
1   chromedriver                        0x0000000103f665f3 chromedriver + 4392435
2   chromedriver                        0x0000000103bf229d chromedriver + 770717
3   chromedriver                        0x0000000103b4f689 chromedriver + 104073
4   chromedriver                        0x0000000103b4b940 chromedriver + 88384
5   chromedriver                        0x0000000103b48c99 chromedriver + 76953
6   chromedriver                        0x0000000103b7afa3 chromedriver + 282531
7   chromedriver                        0x0000000103b77da3 chromedriver + 269731
8   chromedriver                        0x0000000103b518dd chromedriver + 112861
9   chromedriver                        0x0000000103b52875 chromedriver + 116853
10  chromedriver                        0x0000000103f8e47f chromedriver + 4555903
11  chromedriver                        0x0000000103f9b77a chromedriver + 4609914
12  chromedriver                        0x0000000103f9b509 chromedriver + 4609289
13  chromedriver                        0x0000000103f72319 chromedriver + 4440857
14  chromedriver                        0x0000000103f9bd03 chromedriver + 4611331
15  chromedriver                        0x0000000103f84083 chromedriver + 4513923
16  chromedriver                        0x0000000103fb2454 chromedriver + 4703316
17  chromedriver                        0x0000000103fd1f57 chromedriver + 4833111
18  libsystem_pthread.dylib             0x00007fff6fa70109 _pthread_start + 148
19  libsystem_pthread.dylib             0x00007fff6fa6bb8b thread_start + 15

	at org.openqa.selenium.remote.W3CHandshakeResponse.lambda$errorHandler$0(W3CHandshakeResponse.java:62)
	at org.openqa.selenium.remote.HandshakeResponse.lambda$getResponseFunction$0(HandshakeResponse.java:30)
	at org.openqa.selenium.remote.ProtocolHandshake.lambda$createSession$0(ProtocolHandshake.java:126)
	at java.util.stream.ReferencePipeline$3$1.accept(ReferencePipeline.java:193)
	at java.util.Spliterators$ArraySpliterator.tryAdvance(Spliterators.java:958)
	at java.util.stream.ReferencePipeline.forEachWithCancel(ReferencePipeline.java:126)
	at java.util.stream.AbstractPipeline.copyIntoWithCancel(AbstractPipeline.java:499)
	at java.util.stream.AbstractPipeline.copyInto(AbstractPipeline.java:486)
	at java.util.stream.AbstractPipeline.wrapAndCopyInto(AbstractPipeline.java:472)
	at java.util.stream.FindOps$FindOp.evaluateSequential(FindOps.java:152)
	at java.util.stream.AbstractPipeline.evaluate(AbstractPipeline.java:234)
	at java.util.stream.ReferencePipeline.findFirst(ReferencePipeline.java:464)
	at org.openqa.selenium.remote.ProtocolHandshake.createSession(ProtocolHandshake.java:128)
	at org.openqa.selenium.remote.ProtocolHandshake.createSession(ProtocolHandshake.java:74)
	at org.openqa.selenium.remote.HttpCommandExecutor.execute(HttpCommandExecutor.java:136)
	at org.openqa.selenium.remote.service.DriverCommandExecutor.execute(DriverCommandExecutor.java:83)
	at org.openqa.selenium.remote.RemoteWebDriver.execute(RemoteWebDriver.java:552)
	at org.openqa.selenium.remote.RemoteWebDriver.startSession(RemoteWebDriver.java:213)
	at org.openqa.selenium.remote.RemoteWebDriver.&lt;init&gt;(RemoteWebDriver.java:131)
	at org.openqa.selenium.chrome.ChromeDriver.&lt;init&gt;(ChromeDriver.java:181)
	at org.openqa.selenium.chrome.ChromeDriver.&lt;init&gt;(ChromeDriver.java:168)
	at org.openqa.selenium.chrome.ChromeDriver.&lt;init&gt;(ChromeDriver.java:123)
	at com.testBase.TestBase.OpenBrowser(TestBase.java:56)
... Removed 23 stack frames</div></td></tr></table><p class="totop"><a href="#summary">back to summary</a></p>
<h3 id="m7">com.testCases.Test456#testCase456</h3><table class="result"><tr><th>Exception</th></tr><tr><td><div class="stacktrace">org.openqa.selenium.SessionNotCreatedException: session not created: This version of ChromeDriver only supports Chrome version 83
Build info: version: &apos;3.141.59&apos;, revision: &apos;e82be7d358&apos;, time: &apos;2018-11-14T08:25:48&apos;
System info: host: &apos;shubhagg-mac&apos;, ip: &apos;2401:4900:1c18:7c04:fdd4:9757:f00f:2579%en0&apos;, os.name: &apos;Mac OS X&apos;, os.arch: &apos;x86_64&apos;, os.version: &apos;10.15.7&apos;, java.version: &apos;1.8.0_231&apos;
Driver info: driver.version: ChromeDriver
remote stacktrace: 0   chromedriver                        0x0000000103fcbe99 chromedriver + 4808345
1   chromedriver                        0x0000000103f665f3 chromedriver + 4392435
2   chromedriver                        0x0000000103bf229d chromedriver + 770717
3   chromedriver                        0x0000000103b4f689 chromedriver + 104073
4   chromedriver                        0x0000000103b4b940 chromedriver + 88384
5   chromedriver                        0x0000000103b48c99 chromedriver + 76953
6   chromedriver                        0x0000000103b7afa3 chromedriver + 282531
7   chromedriver                        0x0000000103b77da3 chromedriver + 269731
8   chromedriver                        0x0000000103b518dd chromedriver + 112861
9   chromedriver                        0x0000000103b52875 chromedriver + 116853
10  chromedriver                        0x0000000103f8e47f chromedriver + 4555903
11  chromedriver                        0x0000000103f9b77a chromedriver + 4609914
12  chromedriver                        0x0000000103f9b509 chromedriver + 4609289
13  chromedriver                        0x0000000103f72319 chromedriver + 4440857
14  chromedriver                        0x0000000103f9bd03 chromedriver + 4611331
15  chromedriver                        0x0000000103f84083 chromedriver + 4513923
16  chromedriver                        0x0000000103fb2454 chromedriver + 4703316
17  chromedriver                        0x0000000103fd1f57 chromedriver + 4833111
18  libsystem_pthread.dylib             0x00007fff6fa70109 _pthread_start + 148
19  libsystem_pthread.dylib             0x00007fff6fa6bb8b thread_start + 15

	at org.openqa.selenium.remote.W3CHandshakeResponse.lambda$errorHandler$0(W3CHandshakeResponse.java:62)
	at org.openqa.selenium.remote.HandshakeResponse.lambda$getResponseFunction$0(HandshakeResponse.java:30)
	at org.openqa.selenium.remote.ProtocolHandshake.lambda$createSession$0(ProtocolHandshake.java:126)
	at java.util.stream.ReferencePipeline$3$1.accept(ReferencePipeline.java:193)
	at java.util.Spliterators$ArraySpliterator.tryAdvance(Spliterators.java:958)
	at java.util.stream.ReferencePipeline.forEachWithCancel(ReferencePipeline.java:126)
	at java.util.stream.AbstractPipeline.copyIntoWithCancel(AbstractPipeline.java:499)
	at java.util.stream.AbstractPipeline.copyInto(AbstractPipeline.java:486)
	at java.util.stream.AbstractPipeline.wrapAndCopyInto(AbstractPipeline.java:472)
	at java.util.stream.FindOps$FindOp.evaluateSequential(FindOps.java:152)
	at java.util.stream.AbstractPipeline.evaluate(AbstractPipeline.java:234)
	at java.util.stream.ReferencePipeline.findFirst(ReferencePipeline.java:464)
	at org.openqa.selenium.remote.ProtocolHandshake.createSession(ProtocolHandshake.java:128)
	at org.openqa.selenium.remote.ProtocolHandshake.createSession(ProtocolHandshake.java:74)
	at org.openqa.selenium.remote.HttpCommandExecutor.execute(HttpCommandExecutor.java:136)
	at org.openqa.selenium.remote.service.DriverCommandExecutor.execute(DriverCommandExecutor.java:83)
	at org.openqa.selenium.remote.RemoteWebDriver.execute(RemoteWebDriver.java:552)
	at org.openqa.selenium.remote.RemoteWebDriver.startSession(RemoteWebDriver.java:213)
	at org.openqa.selenium.remote.RemoteWebDriver.&lt;init&gt;(RemoteWebDriver.java:131)
	at org.openqa.selenium.chrome.ChromeDriver.&lt;init&gt;(ChromeDriver.java:181)
	at org.openqa.selenium.chrome.ChromeDriver.&lt;init&gt;(ChromeDriver.java:168)
	at org.openqa.selenium.chrome.ChromeDriver.&lt;init&gt;(ChromeDriver.java:123)
	at com.testBase.TestBase.OpenBrowser(TestBase.java:56)
... Removed 23 stack frames</div></td></tr></table><p class="totop"><a href="#summary">back to summary</a></p>
<h3 id="m8">com.testCases.Test456#testCase456</h3><table class="result"><tr><th>Exception</th></tr><tr><td><div class="stacktrace">org.openqa.selenium.SessionNotCreatedException: session not created: This version of ChromeDriver only supports Chrome version 83
Build info: version: &apos;3.141.59&apos;, revision: &apos;e82be7d358&apos;, time: &apos;2018-11-14T08:25:48&apos;
System info: host: &apos;shubhagg-mac&apos;, ip: &apos;2401:4900:1c18:7c04:fdd4:9757:f00f:2579%en0&apos;, os.name: &apos;Mac OS X&apos;, os.arch: &apos;x86_64&apos;, os.version: &apos;10.15.7&apos;, java.version: &apos;1.8.0_231&apos;
Driver info: driver.version: ChromeDriver
remote stacktrace: 0   chromedriver                        0x0000000103fcbe99 chromedriver + 4808345
1   chromedriver                        0x0000000103f665f3 chromedriver + 4392435
2   chromedriver                        0x0000000103bf229d chromedriver + 770717
3   chromedriver                        0x0000000103b4f689 chromedriver + 104073
4   chromedriver                        0x0000000103b4b940 chromedriver + 88384
5   chromedriver                        0x0000000103b48c99 chromedriver + 76953
6   chromedriver                        0x0000000103b7afa3 chromedriver + 282531
7   chromedriver                        0x0000000103b77da3 chromedriver + 269731
8   chromedriver                        0x0000000103b518dd chromedriver + 112861
9   chromedriver                        0x0000000103b52875 chromedriver + 116853
10  chromedriver                        0x0000000103f8e47f chromedriver + 4555903
11  chromedriver                        0x0000000103f9b77a chromedriver + 4609914
12  chromedriver                        0x0000000103f9b509 chromedriver + 4609289
13  chromedriver                        0x0000000103f72319 chromedriver + 4440857
14  chromedriver                        0x0000000103f9bd03 chromedriver + 4611331
15  chromedriver                        0x0000000103f84083 chromedriver + 4513923
16  chromedriver                        0x0000000103fb2454 chromedriver + 4703316
17  chromedriver                        0x0000000103fd1f57 chromedriver + 4833111
18  libsystem_pthread.dylib             0x00007fff6fa70109 _pthread_start + 148
19  libsystem_pthread.dylib             0x00007fff6fa6bb8b thread_start + 15

	at org.openqa.selenium.remote.W3CHandshakeResponse.lambda$errorHandler$0(W3CHandshakeResponse.java:62)
	at org.openqa.selenium.remote.HandshakeResponse.lambda$getResponseFunction$0(HandshakeResponse.java:30)
	at org.openqa.selenium.remote.ProtocolHandshake.lambda$createSession$0(ProtocolHandshake.java:126)
	at java.util.stream.ReferencePipeline$3$1.accept(ReferencePipeline.java:193)
	at java.util.Spliterators$ArraySpliterator.tryAdvance(Spliterators.java:958)
	at java.util.stream.ReferencePipeline.forEachWithCancel(ReferencePipeline.java:126)
	at java.util.stream.AbstractPipeline.copyIntoWithCancel(AbstractPipeline.java:499)
	at java.util.stream.AbstractPipeline.copyInto(AbstractPipeline.java:486)
	at java.util.stream.AbstractPipeline.wrapAndCopyInto(AbstractPipeline.java:472)
	at java.util.stream.FindOps$FindOp.evaluateSequential(FindOps.java:152)
	at java.util.stream.AbstractPipeline.evaluate(AbstractPipeline.java:234)
	at java.util.stream.ReferencePipeline.findFirst(ReferencePipeline.java:464)
	at org.openqa.selenium.remote.ProtocolHandshake.createSession(ProtocolHandshake.java:128)
	at org.openqa.selenium.remote.ProtocolHandshake.createSession(ProtocolHandshake.java:74)
	at org.openqa.selenium.remote.HttpCommandExecutor.execute(HttpCommandExecutor.java:136)
	at org.openqa.selenium.remote.service.DriverCommandExecutor.execute(DriverCommandExecutor.java:83)
	at org.openqa.selenium.remote.RemoteWebDriver.execute(RemoteWebDriver.java:552)
	at org.openqa.selenium.remote.RemoteWebDriver.startSession(RemoteWebDriver.java:213)
	at org.openqa.selenium.remote.RemoteWebDriver.&lt;init&gt;(RemoteWebDriver.java:131)
	at org.openqa.selenium.chrome.ChromeDriver.&lt;init&gt;(ChromeDriver.java:181)
	at org.openqa.selenium.chrome.ChromeDriver.&lt;init&gt;(ChromeDriver.java:168)
	at org.openqa.selenium.chrome.ChromeDriver.&lt;init&gt;(ChromeDriver.java:123)
	at com.testBase.TestBase.OpenBrowser(TestBase.java:56)
... Removed 23 stack frames</div></td></tr></table><p class="totop"><a href="#summary">back to summary</a></p>
<h3 id="m9">com.testCases.Test456#testCase456</h3><table class="result"><tr><th>Exception</th></tr><tr><td><div class="stacktrace">org.openqa.selenium.SessionNotCreatedException: session not created: This version of ChromeDriver only supports Chrome version 83
Build info: version: &apos;3.141.59&apos;, revision: &apos;e82be7d358&apos;, time: &apos;2018-11-14T08:25:48&apos;
System info: host: &apos;shubhagg-mac&apos;, ip: &apos;2401:4900:1c18:7c04:fdd4:9757:f00f:2579%en0&apos;, os.name: &apos;Mac OS X&apos;, os.arch: &apos;x86_64&apos;, os.version: &apos;10.15.7&apos;, java.version: &apos;1.8.0_231&apos;
Driver info: driver.version: ChromeDriver
remote stacktrace: 0   chromedriver                        0x0000000103fcbe99 chromedriver + 4808345
1   chromedriver                        0x0000000103f665f3 chromedriver + 4392435
2   chromedriver                        0x0000000103bf229d chromedriver + 770717
3   chromedriver                        0x0000000103b4f689 chromedriver + 104073
4   chromedriver                        0x0000000103b4b940 chromedriver + 88384
5   chromedriver                        0x0000000103b48c99 chromedriver + 76953
6   chromedriver                        0x0000000103b7afa3 chromedriver + 282531
7   chromedriver                        0x0000000103b77da3 chromedriver + 269731
8   chromedriver                        0x0000000103b518dd chromedriver + 112861
9   chromedriver                        0x0000000103b52875 chromedriver + 116853
10  chromedriver                        0x0000000103f8e47f chromedriver + 4555903
11  chromedriver                        0x0000000103f9b77a chromedriver + 4609914
12  chromedriver                        0x0000000103f9b509 chromedriver + 4609289
13  chromedriver                        0x0000000103f72319 chromedriver + 4440857
14  chromedriver                        0x0000000103f9bd03 chromedriver + 4611331
15  chromedriver                        0x0000000103f84083 chromedriver + 4513923
16  chromedriver                        0x0000000103fb2454 chromedriver + 4703316
17  chromedriver                        0x0000000103fd1f57 chromedriver + 4833111
18  libsystem_pthread.dylib             0x00007fff6fa70109 _pthread_start + 148
19  libsystem_pthread.dylib             0x00007fff6fa6bb8b thread_start + 15

	at org.openqa.selenium.remote.W3CHandshakeResponse.lambda$errorHandler$0(W3CHandshakeResponse.java:62)
	at org.openqa.selenium.remote.HandshakeResponse.lambda$getResponseFunction$0(HandshakeResponse.java:30)
	at org.openqa.selenium.remote.ProtocolHandshake.lambda$createSession$0(ProtocolHandshake.java:126)
	at java.util.stream.ReferencePipeline$3$1.accept(ReferencePipeline.java:193)
	at java.util.Spliterators$ArraySpliterator.tryAdvance(Spliterators.java:958)
	at java.util.stream.ReferencePipeline.forEachWithCancel(ReferencePipeline.java:126)
	at java.util.stream.AbstractPipeline.copyIntoWithCancel(AbstractPipeline.java:499)
	at java.util.stream.AbstractPipeline.copyInto(AbstractPipeline.java:486)
	at java.util.stream.AbstractPipeline.wrapAndCopyInto(AbstractPipeline.java:472)
	at java.util.stream.FindOps$FindOp.evaluateSequential(FindOps.java:152)
	at java.util.stream.AbstractPipeline.evaluate(AbstractPipeline.java:234)
	at java.util.stream.ReferencePipeline.findFirst(ReferencePipeline.java:464)
	at org.openqa.selenium.remote.ProtocolHandshake.createSession(ProtocolHandshake.java:128)
	at org.openqa.selenium.remote.ProtocolHandshake.createSession(ProtocolHandshake.java:74)
	at org.openqa.selenium.remote.HttpCommandExecutor.execute(HttpCommandExecutor.java:136)
	at org.openqa.selenium.remote.service.DriverCommandExecutor.execute(DriverCommandExecutor.java:83)
	at org.openqa.selenium.remote.RemoteWebDriver.execute(RemoteWebDriver.java:552)
	at org.openqa.selenium.remote.RemoteWebDriver.startSession(RemoteWebDriver.java:213)
	at org.openqa.selenium.remote.RemoteWebDriver.&lt;init&gt;(RemoteWebDriver.java:131)
	at org.openqa.selenium.chrome.ChromeDriver.&lt;init&gt;(ChromeDriver.java:181)
	at org.openqa.selenium.chrome.ChromeDriver.&lt;init&gt;(ChromeDriver.java:168)
	at org.openqa.selenium.chrome.ChromeDriver.&lt;init&gt;(ChromeDriver.java:123)
	at com.testBase.TestBase.OpenBrowser(TestBase.java:56)
... Removed 23 stack frames</div></td></tr></table><p class="totop"><a href="#summary">back to summary</a></p>
</body>
</html>
