<?xml version="1.0" encoding="UTF-8"?>
<!-- Generated by org.testng.reporters.JUnitReportReporter -->
<testsuite skipped="3" hostname="shubhagg-mac" name="com.testCases.Test123" tests="4" failures="0" timestamp="2021-09-16T14:02:57 IST" time="3.091" errors="1">
  <testcase name="testCase123" time="0.000" classname="com.testCases.Test123">
    <skipped/>
  </testcase> <!-- testCase123 -->
  <testcase name="OpenBrowser" time="3.091" classname="com.testCases.Test123">
    <error type="org.openqa.selenium.SessionNotCreatedException" message="session not created: This version of ChromeDriver only supports Chrome version 83
Build info: version: &#039;3.141.59&#039;, revision: &#039;e82be7d358&#039;, time: &#039;2018-11-14T08:25:48&#039;
System info: host: &#039;shubhagg-mac&#039;, ip: &#039;2401:4900:1c18:7c04:fdd4:9757:f00f:2579%en0&#039;, os.name: &#039;Mac OS X&#039;, os.arch: &#039;x86_64&#039;, os.version: &#039;10.15.7&#039;, java.version: &#039;1.8.0_231&#039;
Driver info: driver.version: ChromeDriver
remote stacktrace: 0   chromedriver                        0x0000000103fcbe99 chromedriver + 4808345
1   chromedriver                        0x0000000103f665f3 chromedriver + 4392435
2   chromedriver                        0x0000000103bf229d chromedriver + 770717
3   chromedriver                        0x0000000103b4f689 chromedriver + 104073
4   chromedriver                        0x0000000103b4b940 chromedriver + 88384
5   chromedriver                        0x0000000103b48c99 chromedriver + 76953
6   chromedriver                        0x0000000103b7afa3 chromedriver + 282531
7   chromedriver                        0x0000000103b77da3 chromedriver + 269731
8   chromedriver                        0x0000000103b518dd chromedriver + 112861
9   chromedriver                        0x0000000103b52875 chromedriver + 116853
10  chromedriver                        0x0000000103f8e47f chromedriver + 4555903
11  chromedriver                        0x0000000103f9b77a chromedriver + 4609914
12  chromedriver                        0x0000000103f9b509 chromedriver + 4609289
13  chromedriver                        0x0000000103f72319 chromedriver + 4440857
14  chromedriver                        0x0000000103f9bd03 chromedriver + 4611331
15  chromedriver                        0x0000000103f84083 chromedriver + 4513923
16  chromedriver                        0x0000000103fb2454 chromedriver + 4703316
17  chromedriver                        0x0000000103fd1f57 chromedriver + 4833111
18  libsystem_pthread.dylib             0x00007fff6fa70109 _pthread_start + 148
19  libsystem_pthread.dylib             0x00007fff6fa6bb8b thread_start + 15
">
      <![CDATA[org.openqa.selenium.SessionNotCreatedException: session not created: This version of ChromeDriver only supports Chrome version 83
Build info: version: '3.141.59', revision: 'e82be7d358', time: '2018-11-14T08:25:48'
System info: host: 'shubhagg-mac', ip: '2401:4900:1c18:7c04:fdd4:9757:f00f:2579%en0', os.name: 'Mac OS X', os.arch: 'x86_64', os.version: '10.15.7', java.version: '1.8.0_231'
Driver info: driver.version: ChromeDriver
remote stacktrace: 0   chromedriver                        0x0000000103fcbe99 chromedriver + 4808345
1   chromedriver                        0x0000000103f665f3 chromedriver + 4392435
2   chromedriver                        0x0000000103bf229d chromedriver + 770717
3   chromedriver                        0x0000000103b4f689 chromedriver + 104073
4   chromedriver                        0x0000000103b4b940 chromedriver + 88384
5   chromedriver                        0x0000000103b48c99 chromedriver + 76953
6   chromedriver                        0x0000000103b7afa3 chromedriver + 282531
7   chromedriver                        0x0000000103b77da3 chromedriver + 269731
8   chromedriver                        0x0000000103b518dd chromedriver + 112861
9   chromedriver                        0x0000000103b52875 chromedriver + 116853
10  chromedriver                        0x0000000103f8e47f chromedriver + 4555903
11  chromedriver                        0x0000000103f9b77a chromedriver + 4609914
12  chromedriver                        0x0000000103f9b509 chromedriver + 4609289
13  chromedriver                        0x0000000103f72319 chromedriver + 4440857
14  chromedriver                        0x0000000103f9bd03 chromedriver + 4611331
15  chromedriver                        0x0000000103f84083 chromedriver + 4513923
16  chromedriver                        0x0000000103fb2454 chromedriver + 4703316
17  chromedriver                        0x0000000103fd1f57 chromedriver + 4833111
18  libsystem_pthread.dylib             0x00007fff6fa70109 _pthread_start + 148
19  libsystem_pthread.dylib             0x00007fff6fa6bb8b thread_start + 15

at sun.reflect.NativeConstructorAccessorImpl.newInstance0(Native Method)
at sun.reflect.NativeConstructorAccessorImpl.newInstance(NativeConstructorAccessorImpl.java:62)
at sun.reflect.DelegatingConstructorAccessorImpl.newInstance(DelegatingConstructorAccessorImpl.java:45)
at java.lang.reflect.Constructor.newInstance(Constructor.java:423)
at org.openqa.selenium.remote.W3CHandshakeResponse.lambda$errorHandler$0(W3CHandshakeResponse.java:62)
at org.openqa.selenium.remote.HandshakeResponse.lambda$getResponseFunction$0(HandshakeResponse.java:30)
at org.openqa.selenium.remote.ProtocolHandshake.lambda$createSession$0(ProtocolHandshake.java:126)
at java.util.stream.ReferencePipeline$3$1.accept(ReferencePipeline.java:193)
at java.util.Spliterators$ArraySpliterator.tryAdvance(Spliterators.java:958)
at java.util.stream.ReferencePipeline.forEachWithCancel(ReferencePipeline.java:126)
at java.util.stream.AbstractPipeline.copyIntoWithCancel(AbstractPipeline.java:499)
at java.util.stream.AbstractPipeline.copyInto(AbstractPipeline.java:486)
at java.util.stream.AbstractPipeline.wrapAndCopyInto(AbstractPipeline.java:472)
at java.util.stream.FindOps$FindOp.evaluateSequential(FindOps.java:152)
at java.util.stream.AbstractPipeline.evaluate(AbstractPipeline.java:234)
at java.util.stream.ReferencePipeline.findFirst(ReferencePipeline.java:464)
at org.openqa.selenium.remote.ProtocolHandshake.createSession(ProtocolHandshake.java:128)
at org.openqa.selenium.remote.ProtocolHandshake.createSession(ProtocolHandshake.java:74)
at org.openqa.selenium.remote.HttpCommandExecutor.execute(HttpCommandExecutor.java:136)
at org.openqa.selenium.remote.service.DriverCommandExecutor.execute(DriverCommandExecutor.java:83)
at org.openqa.selenium.remote.RemoteWebDriver.execute(RemoteWebDriver.java:552)
at org.openqa.selenium.remote.RemoteWebDriver.startSession(RemoteWebDriver.java:213)
at org.openqa.selenium.remote.RemoteWebDriver.<init>(RemoteWebDriver.java:131)
at org.openqa.selenium.chrome.ChromeDriver.<init>(ChromeDriver.java:181)
at org.openqa.selenium.chrome.ChromeDriver.<init>(ChromeDriver.java:168)
at org.openqa.selenium.chrome.ChromeDriver.<init>(ChromeDriver.java:123)
at com.testBase.TestBase.OpenBrowser(TestBase.java:56)
at sun.reflect.NativeMethodAccessorImpl.invoke0(Native Method)
at sun.reflect.NativeMethodAccessorImpl.invoke(NativeMethodAccessorImpl.java:62)
at sun.reflect.DelegatingMethodAccessorImpl.invoke(DelegatingMethodAccessorImpl.java:43)
at java.lang.reflect.Method.invoke(Method.java:498)
at org.testng.internal.MethodInvocationHelper.invokeMethod(MethodInvocationHelper.java:133)
at org.testng.internal.MethodInvocationHelper.invokeMethodConsideringTimeout(MethodInvocationHelper.java:62)
at org.testng.internal.ConfigInvoker.invokeConfigurationMethod(ConfigInvoker.java:340)
at org.testng.internal.ConfigInvoker.invokeConfigurations(ConfigInvoker.java:294)
at org.testng.SuiteRunner.privateRun(SuiteRunner.java:345)
at org.testng.SuiteRunner.run(SuiteRunner.java:304)
at org.testng.SuiteRunnerWorker.runSuite(SuiteRunnerWorker.java:53)
at org.testng.SuiteRunnerWorker.run(SuiteRunnerWorker.java:96)
at org.testng.TestNG.runSuitesSequentially(TestNG.java:1180)
at org.testng.TestNG.runSuitesLocally(TestNG.java:1102)
at org.testng.TestNG.runSuites(TestNG.java:1032)
at org.testng.TestNG.run(TestNG.java:1000)
at org.testng.remote.AbstractRemoteTestNG.run(AbstractRemoteTestNG.java:115)
at org.testng.remote.RemoteTestNG.initAndRun(RemoteTestNG.java:251)
at org.testng.remote.RemoteTestNG.main(RemoteTestNG.java:77)
]]>
    </error>
  </testcase> <!-- OpenBrowser -->
  <testcase name="testCase123" time="0.000" classname="com.testCases.Test123">
    <skipped/>
  </testcase> <!-- testCase123 -->
  <testcase name="testCase123" time="0.000" classname="com.testCases.Test123">
    <skipped/>
  </testcase> <!-- testCase123 -->
</testsuite> <!-- com.testCases.Test123 -->
