<?xml version="1.0" encoding="UTF-8"?>
<!-- Generated by org.testng.reporters.JUnitXMLReporter -->
<testsuite hostname="shubhagg-mac" ignored="1" name="module2" tests="10" failures="2" timestamp="2021-09-16T14:17:55 IST" time="0.056" errors="0">
  <testcase name="testCase" time="0.006" classname="com.annotations.SoftAssertEx">
    <failure type="java.lang.AssertionError" message="The following asserts failed:
	Links Compared expected [10] but found [12]">
      <![CDATA[java.lang.AssertionError: The following asserts failed:
Links Compared expected [10] but found [12]
at com.annotations.SoftAssertEx.testCase(SoftAssertEx.java:20)
at java.util.ArrayList.forEach(ArrayList.java:1257)
... Removed 29 stack frames]]>
    </failure>
  </testcase> <!-- testCase -->
  <testcase name="login" time="0.002" classname="com.annotations.DependencyExample"/>
  <testcase name="composemail" time="0.0" classname="com.annotations.DependencyExample">
    <failure type="java.lang.AssertionError" message="The following asserts failed:
	expected [false] but found [true]">
      <![CDATA[java.lang.AssertionError: The following asserts failed:
expected [false] but found [true]
at com.annotations.DependencyExample.composemail(DependencyExample.java:23)
at java.util.ArrayList.forEach(ArrayList.java:1257)
... Removed 29 stack frames]]>
    </failure>
  </testcase> <!-- composemail -->
  <testcase name="Savemail" time="0.0" classname="com.annotations.DependencyExample">
    <skipped/>
  </testcase> <!-- Savemail -->
  <testcase name="testcase1" time="0.001" classname="com.annotations.Annot"/>
  <testcase name="testcase2" time="0.001" classname="com.annotations.Annot"/>
  <testcase name="testcase3" time="0.002" classname="com.annotations.Annot"/>
  <testcase name="Savemail" time="0.001" classname="com.annotations.Order">
    <skipped/>
  </testcase> <!-- Savemail -->
  <testcase name="composemail1" time="0.0" classname="com.annotations.Order"/>
  <testcase name="login" time="0.0" classname="com.annotations.Order"/>
  <testcase name="composemail" time="0.0" classname="com.annotations.Order">
    <ignored/>
  </testcase> <!-- composemail -->
</testsuite> <!-- module2 -->
