<?xml version="1.0" encoding="UTF-8"?>
<!-- Generated by org.testng.reporters.JUnitXMLReporter -->
<testsuite hostname="shubhagg-mac" ignored="0" name="module1" tests="5" failures="1" timestamp="2021-10-08T12:54:22 IST" time="0.091" errors="0">
  <testcase name="google" time="0.01" classname="com.annotations.Annot2">
    <skipped/>
  </testcase> <!-- google -->
  <testcase name="google" time="0.003" classname="com.annotations.Annot2">
    <skipped/>
  </testcase> <!-- google -->
  <testcase name="google" time="0.007" classname="com.annotations.Annot2">
    <failure type="java.lang.AssertionError" message="did not expect to find [true] but found [false]">
      <![CDATA[java.lang.AssertionError: did not expect to find [true] but found [false]
at com.annotations.Annot2.google(Annot2.java:23)
at java.util.ArrayList.forEach(ArrayList.java:1257)
... Removed 31 stack frames]]>
    </failure>
  </testcase> <!-- google -->
  <testcase name="testcase1" time="0.002" classname="com.annotations.Annot2"/>
  <testcase name="testcase1" time="0.001" classname="com.annotations.Annot2"/>
</testsuite> <!-- module1 -->
