<?xml version="1.0" encoding="UTF-8"?>
<!-- Generated by org.testng.reporters.JUnitXMLReporter -->
<testsuite hostname="shubhagg-mac" ignored="3" name="Test" tests="4" failures="1" timestamp="2021-12-09T14:21:13 IST" time="0.088" errors="0">
  <testcase name="testcase5" time="0.01" classname="com.groupsConcepts.Test2"/>
  <testcase name="testcase6" time="0.002" classname="com.groupsConcepts.Test2"/>
  <testcase name="testcase7" time="0.004" classname="com.groupsConcepts.Test2"/>
  <testcase name="testcase1" time="0.006" classname="com.groupsConcepts.Test1">
    <failure type="java.lang.AssertionError" message="The following asserts failed:
	expected [false] but found [true]">
      <![CDATA[java.lang.AssertionError: The following asserts failed:
expected [false] but found [true]
at com.groupsConcepts.Test1.testcase1(Test1.java:13)
at java.util.ArrayList.forEach(ArrayList.java:1257)
... Removed 29 stack frames]]>
    </failure>
  </testcase> <!-- testcase1 -->
  <testcase name="testcase1" time="0.0" classname="com.groupsConcepts.Test2">
    <ignored/>
  </testcase> <!-- testcase1 -->
  <testcase name="testcase6" time="0.0" classname="com.groupsConcepts.Test1">
    <ignored/>
  </testcase> <!-- testcase6 -->
  <testcase name="testcase5" time="0.0" classname="com.groupsConcepts.Test1">
    <ignored/>
  </testcase> <!-- testcase5 -->
</testsuite> <!-- Test -->
